SF:lib\domain\entities\detail_surah_entities\audio_entities.dart
DA:7,5
DA:9,2
DA:10,6
LF:3
LH:3
end_of_record
SF:lib\domain\entities\detail_surah_entities\detail_surah_entities.dart
DA:19,5
DA:30,2
DA:31,2
DA:32,2
DA:33,2
DA:34,2
DA:35,2
DA:36,2
DA:37,2
DA:38,2
DA:39,2
LF:11
LH:11
end_of_record
SF:lib\domain\entities\detail_surah_entities\id_entities.dart
DA:7,5
DA:9,2
DA:10,6
LF:3
LH:3
end_of_record
SF:lib\domain\entities\detail_surah_entities\meta_entities.dart
DA:12,5
DA:21,2
DA:22,2
DA:23,2
DA:24,2
DA:25,2
DA:26,2
DA:27,2
DA:28,2
LF:9
LH:9
end_of_record
SF:lib\domain\entities\detail_surah_entities\number_entities.dart
DA:7,5
DA:9,2
DA:10,6
LF:3
LH:3
end_of_record
SF:lib\domain\entities\detail_surah_entities\pre_bismillah_entities.dart
DA:12,5
DA:14,2
DA:15,2
DA:16,2
DA:17,2
DA:18,2
LF:6
LH:6
end_of_record
SF:lib\domain\entities\detail_surah_entities\sajda_entities.dart
DA:7,5
DA:9,2
DA:10,6
LF:3
LH:3
end_of_record
SF:lib\domain\entities\detail_surah_entities\tafsir_entities.dart
DA:7,5
DA:9,2
DA:10,4
LF:3
LH:3
end_of_record
SF:lib\domain\entities\detail_surah_entities\text_entities.dart
DA:9,5
DA:11,2
DA:12,6
LF:3
LH:3
end_of_record
SF:lib\domain\entities\detail_surah_entities\verse_entities.dart
DA:18,5
DA:27,2
DA:28,2
DA:29,2
DA:30,2
DA:31,2
DA:32,2
DA:33,2
DA:34,2
LF:9
LH:9
end_of_record
SF:lib\domain\entities\list_surah_entities\name_entities.dart
DA:11,8
DA:18,3
DA:19,3
DA:20,3
DA:21,3
DA:22,3
DA:23,3
LF:7
LH:7
end_of_record
SF:lib\domain\entities\list_surah_entities\revelation_entities.dart
DA:8,8
DA:14,3
DA:15,3
DA:16,3
DA:17,3
DA:18,3
LF:6
LH:6
end_of_record
SF:lib\domain\entities\list_surah_entities\tafsir_id_entities.dart
DA:6,8
DA:8,3
DA:9,6
LF:3
LH:3
end_of_record
SF:lib\domain\entities\list_surah_entities\translation_entities.dart
DA:7,8
DA:12,3
DA:13,3
DA:14,6
DA:15,6
LF:5
LH:5
end_of_record
SF:lib\common\exception.dart
DA:6,0
LF:1
LH:0
end_of_record
SF:lib\common\failure.dart
DA:8,2
DA:10,1
DA:11,2
DA:15,4
DA:19,2
DA:23,0
LF:6
LH:5
end_of_record
SF:lib\data\datasources\quran_data_source.dart
DA:20,1
DA:22,1
DA:24,4
DA:25,2
DA:26,4
DA:28,1
DA:32,1
DA:34,4
DA:35,2
DA:36,3
DA:38,1
LF:11
LH:11
end_of_record
SF:lib\data\models\quran_response.dart
DA:8,1
DA:10,2
DA:11,3
DA:12,1
DA:13,1
DA:16,0
DA:17,0
DA:20,0
DA:21,0
LF:9
LH:5
end_of_record
SF:lib\data\models\detail_surah\detail_surah_model.dart
DA:23,2
DA:34,2
DA:35,1
DA:36,1
DA:37,1
DA:38,1
DA:40,0
DA:41,1
DA:43,0
DA:44,0
DA:45,1
DA:47,0
DA:48,1
DA:50,0
DA:51,0
DA:52,1
DA:53,0
DA:54,0
DA:57,0
DA:58,0
DA:59,0
DA:60,0
DA:61,0
DA:62,0
DA:63,0
DA:64,0
DA:65,0
DA:68,2
DA:69,1
DA:70,1
DA:71,1
DA:72,2
DA:73,2
DA:74,2
DA:75,2
DA:76,5
DA:79,0
DA:82,1
DA:84,1
DA:85,1
DA:86,1
DA:87,1
DA:88,1
DA:89,1
DA:90,1
DA:91,1
DA:92,1
LF:47
LH:29
end_of_record
SF:lib\data\models\list_surah_models\surah_model.dart
DA:16,2
DA:25,0
DA:26,0
DA:27,0
DA:28,0
DA:29,0
DA:30,0
DA:31,0
DA:32,0
DA:35,0
DA:36,0
DA:37,0
DA:38,0
DA:39,0
DA:40,0
DA:41,0
DA:44,4
DA:45,2
DA:46,2
DA:47,2
DA:48,4
DA:49,4
DA:50,4
DA:53,0
DA:54,0
DA:55,0
DA:56,0
DA:57,0
DA:58,0
DA:59,0
DA:60,0
LF:31
LH:8
end_of_record
SF:lib\data\models\detail_surah\audio_model.dart
DA:9,1
DA:11,0
DA:12,0
DA:13,0
DA:16,0
DA:17,0
DA:18,0
DA:21,2
DA:22,1
DA:23,1
DA:26,0
DA:29,0
DA:30,0
LF:13
LH:4
end_of_record
SF:lib\data\models\list_surah_models\tafsir_model.dart
DA:8,2
DA:10,0
DA:11,0
DA:14,0
DA:15,0
DA:18,6
DA:20,0
DA:21,0
LF:8
LH:2
end_of_record
SF:lib\data\models\list_surah_models\name_model.dart
DA:12,2
DA:19,0
DA:20,0
DA:21,0
DA:22,0
DA:23,0
DA:24,0
DA:25,0
DA:28,0
DA:29,0
DA:30,0
DA:31,0
DA:32,0
DA:35,4
DA:36,2
DA:37,2
DA:38,4
DA:39,4
DA:42,0
DA:43,0
DA:44,0
DA:45,0
DA:46,0
DA:47,0
LF:24
LH:6
end_of_record
SF:lib\data\models\list_surah_models\revalation_model.dart
DA:10,2
DA:16,0
DA:17,0
DA:18,0
DA:19,0
DA:20,0
DA:23,0
DA:24,0
DA:25,0
DA:26,0
DA:29,4
DA:30,2
DA:31,2
DA:32,2
DA:35,0
DA:36,0
LF:16
LH:5
end_of_record
SF:lib\data\models\detail_surah\pre_bismillah_model.dart
DA:16,1
DA:18,0
DA:19,0
DA:20,0
DA:22,0
DA:23,0
DA:25,0
DA:26,0
DA:27,0
DA:29,0
DA:32,0
DA:33,0
DA:34,0
DA:35,0
DA:38,2
DA:39,2
DA:40,2
DA:41,2
DA:44,0
DA:47,0
DA:48,0
LF:21
LH:5
end_of_record
SF:lib\data\models\detail_surah\verse_model.dart
DA:25,1
DA:34,0
DA:35,0
DA:37,0
DA:38,0
DA:40,0
DA:41,0
DA:43,0
DA:44,0
DA:46,0
DA:47,0
DA:48,0
DA:50,0
DA:51,0
DA:53,0
DA:56,0
DA:57,0
DA:58,0
DA:59,0
DA:60,0
DA:61,0
DA:62,0
DA:65,2
DA:66,2
DA:67,2
DA:68,2
DA:69,2
DA:70,2
DA:71,2
DA:74,0
DA:77,0
DA:79,0
DA:80,0
DA:81,0
DA:82,0
DA:83,0
DA:84,0
DA:85,0
LF:38
LH:8
end_of_record
SF:lib\data\models\detail_surah\id_model.dart
DA:9,1
DA:11,0
DA:12,0
DA:13,0
DA:16,0
DA:17,0
DA:18,0
DA:21,2
DA:22,1
DA:23,1
DA:26,0
DA:29,0
DA:30,0
LF:13
LH:4
end_of_record
SF:lib\data\models\detail_surah\meta_model.dart
DA:15,1
DA:24,0
DA:25,0
DA:26,0
DA:27,0
DA:28,0
DA:29,0
DA:30,0
DA:32,0
DA:33,0
DA:37,0
DA:38,0
DA:39,0
DA:40,0
DA:41,0
DA:42,0
DA:43,0
DA:46,2
DA:47,1
DA:48,1
DA:49,1
DA:50,1
DA:51,1
DA:52,2
DA:55,0
DA:58,0
DA:60,0
DA:61,0
DA:62,0
DA:63,0
DA:64,0
DA:65,0
DA:66,0
LF:33
LH:8
end_of_record
SF:lib\data\models\detail_surah\sajda_nodel.dart
DA:9,1
DA:11,0
DA:12,0
DA:13,0
DA:16,0
DA:17,0
DA:18,0
DA:21,2
DA:22,1
DA:23,1
DA:26,0
DA:29,0
DA:30,0
LF:13
LH:4
end_of_record
SF:lib\data\models\detail_surah\number_model.dart
DA:9,1
DA:11,0
DA:12,0
DA:13,0
DA:16,0
DA:17,0
DA:18,0
DA:21,2
DA:22,1
DA:23,1
DA:26,0
DA:29,0
DA:30,0
LF:13
LH:4
end_of_record
SF:lib\data\models\list_surah_models\translation_model.dart
DA:9,2
DA:11,0
DA:12,0
DA:13,0
DA:14,0
DA:17,0
DA:18,0
DA:19,0
DA:22,4
DA:23,2
DA:24,2
DA:27,0
DA:28,0
LF:13
LH:4
end_of_record
SF:lib\data\models\detail_surah\text_model.dart
DA:11,1
DA:13,0
DA:14,0
DA:15,0
DA:17,0
DA:18,0
DA:21,0
DA:22,0
DA:23,0
DA:26,2
DA:27,1
DA:28,2
DA:31,0
DA:34,0
DA:35,0
LF:15
LH:4
end_of_record
SF:lib\data\models\detail_surah\tafsir_model.dart
DA:10,1
DA:12,0
DA:13,0
DA:15,0
DA:18,0
DA:19,0
DA:22,2
DA:23,2
DA:26,0
DA:29,0
DA:30,0
LF:11
LH:3
end_of_record
SF:lib\domain\entities\list_surah_entities\surah_entities.dart
DA:15,7
DA:24,3
DA:25,3
DA:26,3
DA:27,3
DA:28,3
DA:29,3
DA:30,3
DA:31,3
LF:9
LH:9
end_of_record
SF:lib\data\repositories\quran_repositories_impl.dart
DA:14,1
DA:18,1
DA:21,2
DA:22,5
DA:23,1
DA:24,2
DA:25,1
DA:26,2
DA:30,1
DA:33,2
DA:34,2
DA:35,0
DA:36,0
DA:37,0
DA:38,0
LF:15
LH:11
end_of_record
SF:lib\domain\usecases\get_detail_surah.dart
DA:10,1
DA:12,1
DA:13,2
LF:3
LH:3
end_of_record
SF:lib\domain\usecases\get_surah_list.dart
DA:10,1
DA:12,1
DA:13,2
LF:3
LH:3
end_of_record
SF:lib\presentation\bloc\quran_state.dart
DA:4,2
DA:6,1
DA:7,1
DA:17,2
DA:19,1
DA:20,2
DA:26,1
DA:28,1
DA:29,2
DA:35,2
DA:37,1
DA:38,2
LF:12
LH:12
end_of_record
SF:lib\presentation\bloc\quran_event.dart
DA:4,2
DA:6,0
DA:7,0
DA:15,1
DA:17,0
DA:18,0
LF:6
LH:2
end_of_record
SF:lib\presentation\bloc\quran_bloc.dart
DA:15,3
DA:16,2
DA:17,2
DA:18,2
DA:19,1
DA:20,4
DA:21,3
DA:30,3
DA:31,2
DA:32,1
DA:34,2
DA:36,2
DA:37,1
DA:38,4
DA:39,3
LF:15
LH:15
end_of_record
